<?xml version="1.0" encoding="UTF-8"?>
<!-- Generated by org.testng.reporters.JUnitReportReporter -->
<testsuite skipped="0" hostname="LAPTOP-ADMPVVC9" name="Tests.CustomerCare360ViewFOLOption" tests="1" failures="0" timestamp="28 ago 2017 16:01:43 GMT" time="48.624" errors="0">
  <testcase name="TS7120_ValidationTabBillingInformation" time="48.624" classname="Tests.CustomerCare360ViewFOLOption"/>
</testsuite> <!-- Tests.CustomerCare360ViewFOLOption -->
