<?xml version="1.0" encoding="UTF-8"?>
<!-- Generated by org.testng.reporters.JUnitReportReporter -->
<testsuite skipped="0" hostname="LAPTOP-ADMPVVC9" name="Tests.diagnosis" tests="1" failures="0" timestamp="12 sep 2017 13:56:22 GMT" time="88.452" errors="0">
  <testcase name="TS6410_Ingreso_A_Tech_Care_Desde_La_Vista_360" time="88.452" classname="Tests.diagnosis"/>
</testsuite> <!-- Tests.diagnosis -->
