<?xml version="1.0" encoding="UTF-8"?>
<!-- Generated by org.testng.reporters.JUnitReportReporter -->
<testsuite skipped="0" hostname="LAPTOP-ADMPVVC9" name="Tests.SintomasSTTManagement" tests="1" failures="0" timestamp="13 sep 2017 14:33:32 GMT" time="95.885" errors="0">
  <testcase name="TS11547_Creacion_De_Sintoma_Ejecucion_desactivado" time="95.885" classname="Tests.SintomasSTTManagement"/>
</testsuite> <!-- Tests.SintomasSTTManagement -->
