<?xml version="1.0" encoding="UTF-8"?>
<!-- Generated by org.testng.reporters.JUnitReportReporter -->
<testsuite skipped="0" hostname="LAPTOP-ADMPVVC9" name="Tests.newAccount" tests="1" failures="0" timestamp="18 jul 2017 20:38:06 GMT" time="65.915" errors="0">
  <testcase name="createNewAccount" time="65.915" classname="Tests.newAccount"/>
</testsuite> <!-- Tests.newAccount -->
