<?xml version="1.0" encoding="UTF-8"?>
<!-- Generated by org.testng.reporters.JUnitReportReporter -->
<testsuite skipped="0" hostname="LAPTOP-ADMPVVC9" name="Tests.CustomerCareCaseManagement" tests="1" failures="0" timestamp="01 sep 2017 19:06:12 GMT" time="74.786" errors="0">
  <testcase name="TS7083_ValidateDueTimeLogic" time="74.786" classname="Tests.CustomerCareCaseManagement"/>
</testsuite> <!-- Tests.CustomerCareCaseManagement -->
