<?xml version="1.0" encoding="UTF-8"?>
<!-- Generated by org.testng.reporters.JUnitReportReporter -->
<testsuite skipped="0" hostname="LAPTOP-ADMPVVC9" name="Tests.CustomerCareCaseResolutionTime" tests="1" failures="0" timestamp="31 ago 2017 18:24:27 GMT" time="45.968" errors="0">
  <testcase name="TS7095_CaseResolTimeAdminConfig" time="45.968" classname="Tests.CustomerCareCaseResolutionTime"/>
</testsuite> <!-- Tests.CustomerCareCaseResolutionTime -->
