<?xml version="1.0" encoding="UTF-8"?>
<!-- Generated by org.testng.reporters.JUnitReportReporter -->
<testsuite skipped="0" hostname="LAPTOP-ADMPVVC9" name="Tests.RestauradorConfiguracionUmbrales" tests="1" failures="0" timestamp="05 sep 2017 19:29:46 GMT" time="30.630" errors="0">
  <testcase name="RestaurarValorPuertoDeConexion" time="30.630" classname="Tests.RestauradorConfiguracionUmbrales"/>
</testsuite> <!-- Tests.RestauradorConfiguracionUmbrales -->
