<?xml version="1.0" encoding="UTF-8"?>
<!-- Generated by org.testng.reporters.JUnitReportReporter -->
<<<<<<< HEAD
<testsuite skipped="0" hostname="LAPTOP-ADMPVVC9" name="Tests.SintomasSTTManagement" tests="1" failures="0" timestamp="13 sep 2017 13:19:49 GMT" time="76.668" errors="0">
  <testcase name="TS11546_Creacion_De_Sintoma_Ejecucion_activada" time="76.668" classname="Tests.SintomasSTTManagement"/>
=======
<testsuite skipped="0" hostname="LAPTOP-ADMPVVC9" name="Tests.SintomasSTTManagement" tests="1" failures="0" timestamp="13 sep 2017 14:33:32 GMT" time="95.885" errors="0">
  <testcase name="TS11547_Creacion_De_Sintoma_Ejecucion_desactivado" time="95.885" classname="Tests.SintomasSTTManagement"/>
>>>>>>> 67ce28ca366e4e8267f0516148032460b994b8b1
</testsuite> <!-- Tests.SintomasSTTManagement -->
