<?xml version="1.0" encoding="UTF-8"?>
<!-- Generated by org.testng.reporters.JUnitReportReporter -->
<testsuite skipped="0" hostname="LAPTOP-ADMPVVC9" name="Tests.TechnicalCareClienteDiagnostico" tests="1" failures="0" timestamp="05 sep 2017 14:28:15 GMT" time="68.392" errors="0">
  <testcase name="TS6755_DiagnosticsFixedBroadbandUPUP" time="68.392" classname="Tests.TechnicalCareClienteDiagnostico"/>
</testsuite> <!-- Tests.TechnicalCareClienteDiagnostico -->
