<?xml version="1.0" encoding="UTF-8"?>
<!-- Generated by org.testng.reporters.JUnitReportReporter -->
<testsuite skipped="0" hostname="LAPTOP-ADMPVVC9" name="Tests.CustomerCareCasesManagement" tests="1" failures="0" timestamp="30 ago 2017 16:35:38 GMT" time="10.381" errors="0">
  <testcase name="PFTA107_DeleteCasesAdminRestrictedMessage" time="10.381" classname="Tests.CustomerCareCasesManagement"/>
</testsuite> <!-- Tests.CustomerCareCasesManagement -->
