<?xml version="1.0" encoding="UTF-8"?>
<!-- Generated by org.testng.reporters.JUnitReportReporter -->
<testsuite skipped="0" hostname="LAPTOP-ADMPVVC9" name="Tests.ta_CPQ" tests="1" failures="0" timestamp="28 jul 2017 14:24:00 GMT" time="33.963" errors="0">
  <testcase name="checkPlasnInformation" time="33.963" classname="Tests.ta_CPQ"/>
</testsuite> <!-- Tests.ta_CPQ -->
