<?xml version="1.0" encoding="UTF-8"?>
<!-- Generated by org.testng.reporters.JUnitReportReporter -->
<testsuite skipped="0" hostname="LAPTOP-ADMPVVC9" name="Tests.ABMdeMotivoAdmin" tests="4" failures="0" timestamp="07 sep 2017 15:49:26 GMT" time="70.641" errors="0">
  <testcase name="TS12584_ABM_de_Motivo_Ingreso" time="0.188" classname="Tests.ABMdeMotivoAdmin"/>
  <testcase name="TS12587_ABM_de_Motivo_Agregar_Nuevo_Motivo" time="13.140" classname="Tests.ABMdeMotivoAdmin"/>
  <testcase name="TS12590_ABM_de_Motivo_Modificar_Motivo" time="15.520" classname="Tests.ABMdeMotivoAdmin"/>
  <testcase name="TS12589_ABM_de_Motivo_Quitar_Motivo" time="41.793" classname="Tests.ABMdeMotivoAdmin"/>
</testsuite> <!-- Tests.ABMdeMotivoAdmin -->
