<?xml version="1.0" encoding="UTF-8"?>
<!-- Generated by org.testng.reporters.JUnitReportReporter -->
<testsuite skipped="0" hostname="LAPTOP-ADMPVVC9" name="Tests.SintomasSTTManagement" tests="1" failures="0" timestamp="13 sep 2017 13:49:44 GMT" time="112.066" errors="0">
  <testcase name="TS1154_Creacion_De_Sintoma_Ejecucion_desactivado" time="112.066" classname="Tests.SintomasSTTManagement"/>
</testsuite> <!-- Tests.SintomasSTTManagement -->
