<?xml version="1.0" encoding="UTF-8"?>
<!-- Generated by org.testng.reporters.JUnitReportReporter -->
<testsuite skipped="0" hostname="DESKTOP-UOMKS8R" name="Tests.CustomerCare360ViewInformationClient" tests="2" failures="0" timestamp="11 sep 2017 14:01:23 GMT" time="126.988" errors="0">
  <testcase name="TS7138_BusinessDataPanelPicklistCommercialDataAccount" time="53.328" classname="Tests.CustomerCare360ViewInformationClient"/>
  <testcase name="TS7137_BusinessDataPanelQuickAccessButtonsAccount" time="73.660" classname="Tests.CustomerCare360ViewInformationClient"/>
</testsuite> <!-- Tests.CustomerCare360ViewInformationClient -->
