<?xml version="1.0" encoding="UTF-8"?>
<!-- Generated by org.testng.reporters.JUnitReportReporter -->
<testsuite name="hola.mavenExcersice" tests="1" time="0.023" ignored="0" failures="0" timestamp="07 jul 2017 18:27:17 GMT" skipped="0" hostname="DESKTOP-UOMKS8R" errors="0">
  <testcase name="Hola" time="0.023" classname="hola.mavenExcersice"/>
</testsuite> <!-- hola.mavenExcersice -->
