<?xml version="1.0" encoding="UTF-8"?>
<!-- Generated by org.testng.reporters.JUnitReportReporter -->
<testsuite skipped="0" hostname="DESKTOP-UOMKS8R" name="Demo.ChromeTest" tests="1" failures="0" timestamp="22 jun 2017 20:33:56 GMT" time="20.701" errors="0">
  <testcase name="appiumBitBarTest" time="20.701" classname="Demo.ChromeTest"/>
</testsuite> <!-- Demo.ChromeTest -->
